INFO: 2025/05/20 16:54:33 wiki.go:153: ----------
INFO: 2025/05/20 16:54:33 wiki.go:154: starting web server...
INFO: 2025/05/20 16:54:42 wiki.go:83: [::1]:56716 viewed test
INFO: 2025/05/20 16:54:46 wiki.go:93: [::1]:56716 edited logging
INFO: 2025/05/20 16:54:50 wiki.go:107: [::1]:56716 created logging
INFO: 2025/05/20 16:54:50 wiki.go:83: [::1]:56716 viewed logging
INFO: 2025/05/20 16:54:51 wiki.go:125: [::1]:56716 deleted logging
INFO: 2025/05/20 17:01:37 wiki.go:153: ----------
INFO: 2025/05/20 17:01:37 wiki.go:154: starting web server...
INFO: 2025/05/20 17:01:41 wiki.go:93: [::1]:32862 edited test
INFO: 2025/05/20 17:01:43 wiki.go:107: [::1]:32862 created test
INFO: 2025/05/20 17:01:43 wiki.go:83: [::1]:32862 viewed test
INFO: 2025/05/20 17:01:47 wiki.go:83: [::1]:32862 viewed test
INFO: 2025/05/20 17:01:51 wiki.go:93: [::1]:32862 edited balloon
INFO: 2025/05/20 17:02:01 wiki.go:107: [::1]:32862 created balloon
INFO: 2025/05/20 17:02:01 wiki.go:83: [::1]:32862 viewed balloon
INFO: 2025/05/20 17:02:04 wiki.go:93: [::1]:32862 edited balloon
INFO: 2025/05/20 17:02:05 wiki.go:107: [::1]:32862 created balloon
INFO: 2025/05/20 17:02:05 wiki.go:83: [::1]:32862 viewed balloon
INFO: 2025/05/20 17:04:13 wiki.go:153: ----------
INFO: 2025/05/20 17:04:13 wiki.go:154: starting web server...
INFO: 2025/05/20 17:04:14 wiki.go:83: [::1]:44316 viewed balloon
INFO: 2025/05/20 17:04:15 wiki.go:83: [::1]:44316 viewed balloon
INFO: 2025/05/20 17:08:14 wiki.go:153: ----------
INFO: 2025/05/20 17:08:14 wiki.go:154: starting web server...
INFO: 2025/05/20 17:08:15 wiki.go:83: [::1]:35532 viewed balloon
INFO: 2025/05/20 17:08:19 wiki.go:93: [::1]:35532 edited balloon
INFO: 2025/05/20 17:08:20 wiki.go:107: [::1]:35532 created balloon
INFO: 2025/05/20 17:08:20 wiki.go:83: [::1]:35532 viewed balloon
INFO: 2025/05/20 17:08:23 wiki.go:125: [::1]:35532 deleted balloon
INFO: 2025/05/20 17:08:25 wiki.go:83: [::1]:35532 viewed test
INFO: 2025/05/20 17:08:29 wiki.go:93: [::1]:35532 edited market
INFO: 2025/05/20 17:08:33 wiki.go:107: [::1]:35532 created market
INFO: 2025/05/20 17:08:33 wiki.go:83: [::1]:35532 viewed market
INFO: 2025/05/20 17:10:10 wiki.go:153: ----------
INFO: 2025/05/20 17:10:10 wiki.go:154: starting web server...
INFO: 2025/05/20 17:10:11 wiki.go:83: [::1]:37872 viewed market
INFO: 2025/05/20 17:10:13 wiki.go:125: [::1]:37872 deleted market
INFO: 2025/05/20 17:10:15 wiki.go:83: [::1]:37872 viewed test
INFO: 2025/05/20 17:10:17 wiki.go:93: [::1]:37872 edited blue
INFO: 2025/05/20 17:10:20 wiki.go:107: [::1]:37872 created blue
INFO: 2025/05/20 17:10:20 wiki.go:83: [::1]:37872 viewed blue
INFO: 2025/05/20 17:10:21 wiki.go:93: [::1]:37872 edited blue
INFO: 2025/05/20 17:10:22 wiki.go:107: [::1]:37872 created blue
INFO: 2025/05/20 17:10:22 wiki.go:83: [::1]:37872 viewed blue
